{"C:\\Users\\Sandaru\\Desktop\\todo\\backEnd\\src\\Controllers\\todo.controller.js": {"path":"C:\\Users\\Sandaru\\Desktop\\todo\\backEnd\\src\\Controllers\\todo.controller.js","statementMap":{"0":{"start":{"line":1,"column":35},"end":{"line":1,"column":74}},"1":{"start":{"line":9,"column":4},"end":{"line":9,"column":43}},"2":{"start":{"line":12,"column":19},"end":{"line":25,"column":1}},"3":{"start":{"line":13,"column":19},"end":{"line":13,"column":27}},"4":{"start":{"line":14,"column":17},"end":{"line":14,"column":27}},"5":{"start":{"line":15,"column":2},"end":{"line":24,"column":3}},"6":{"start":{"line":16,"column":4},"end":{"line":18,"column":5}},"7":{"start":{"line":17,"column":6},"end":{"line":17,"column":63}},"8":{"start":{"line":20,"column":20},"end":{"line":20,"column":57}},"9":{"start":{"line":21,"column":4},"end":{"line":21,"column":41}},"10":{"start":{"line":23,"column":4},"end":{"line":23,"column":68}},"11":{"start":{"line":28,"column":17},"end":{"line":35,"column":1}},"12":{"start":{"line":29,"column":2},"end":{"line":34,"column":3}},"13":{"start":{"line":30,"column":18},"end":{"line":30,"column":41}},"14":{"start":{"line":31,"column":4},"end":{"line":31,"column":39}},"15":{"start":{"line":33,"column":4},"end":{"line":33,"column":68}},"16":{"start":{"line":38,"column":20},"end":{"line":50,"column":1}},"17":{"start":{"line":39,"column":13},"end":{"line":39,"column":26}},"18":{"start":{"line":41,"column":2},"end":{"line":49,"column":3}},"19":{"start":{"line":42,"column":17},"end":{"line":42,"column":45}},"20":{"start":{"line":43,"column":4},"end":{"line":45,"column":5}},"21":{"start":{"line":44,"column":6},"end":{"line":44,"column":63}},"22":{"start":{"line":46,"column":4},"end":{"line":46,"column":38}},"23":{"start":{"line":48,"column":4},"end":{"line":48,"column":68}},"24":{"start":{"line":53,"column":25},"end":{"line":61,"column":1}},"25":{"start":{"line":54,"column":17},"end":{"line":54,"column":27}},"26":{"start":{"line":55,"column":2},"end":{"line":60,"column":3}},"27":{"start":{"line":56,"column":18},"end":{"line":56,"column":55}},"28":{"start":{"line":57,"column":4},"end":{"line":57,"column":49}},"29":{"start":{"line":59,"column":4},"end":{"line":59,"column":70}},"30":{"start":{"line":64,"column":19},"end":{"line":74,"column":1}},"31":{"start":{"line":65,"column":13},"end":{"line":65,"column":26}},"32":{"start":{"line":66,"column":21},"end":{"line":66,"column":29}},"33":{"start":{"line":68,"column":2},"end":{"line":73,"column":3}},"34":{"start":{"line":69,"column":24},"end":{"line":69,"column":59}},"35":{"start":{"line":70,"column":4},"end":{"line":70,"column":45}},"36":{"start":{"line":72,"column":4},"end":{"line":72,"column":68}},"37":{"start":{"line":77,"column":19},"end":{"line":86,"column":1}},"38":{"start":{"line":78,"column":13},"end":{"line":78,"column":26}},"39":{"start":{"line":80,"column":2},"end":{"line":85,"column":3}},"40":{"start":{"line":81,"column":4},"end":{"line":81,"column":32}},"41":{"start":{"line":82,"column":4},"end":{"line":82,"column":58}},"42":{"start":{"line":84,"column":4},"end":{"line":84,"column":68}},"43":{"start":{"line":88,"column":0},"end":{"line":95,"column":2}}},"fnMap":{"0":{"name":"(anonymous_0)","decl":{"start":{"line":12,"column":19},"end":{"line":12,"column":20}},"loc":{"start":{"line":12,"column":39},"end":{"line":25,"column":1}},"line":12},"1":{"name":"(anonymous_1)","decl":{"start":{"line":28,"column":17},"end":{"line":28,"column":18}},"loc":{"start":{"line":28,"column":37},"end":{"line":35,"column":1}},"line":28},"2":{"name":"(anonymous_2)","decl":{"start":{"line":38,"column":20},"end":{"line":38,"column":21}},"loc":{"start":{"line":38,"column":40},"end":{"line":50,"column":1}},"line":38},"3":{"name":"(anonymous_3)","decl":{"start":{"line":53,"column":25},"end":{"line":53,"column":26}},"loc":{"start":{"line":53,"column":45},"end":{"line":61,"column":1}},"line":53},"4":{"name":"(anonymous_4)","decl":{"start":{"line":64,"column":19},"end":{"line":64,"column":20}},"loc":{"start":{"line":64,"column":39},"end":{"line":74,"column":1}},"line":64},"5":{"name":"(anonymous_5)","decl":{"start":{"line":77,"column":19},"end":{"line":77,"column":20}},"loc":{"start":{"line":77,"column":39},"end":{"line":86,"column":1}},"line":77}},"branchMap":{"0":{"loc":{"start":{"line":16,"column":4},"end":{"line":18,"column":5}},"type":"if","locations":[{"start":{"line":16,"column":4},"end":{"line":18,"column":5}},{"start":{},"end":{}}],"line":16},"1":{"loc":{"start":{"line":43,"column":4},"end":{"line":45,"column":5}},"type":"if","locations":[{"start":{"line":43,"column":4},"end":{"line":45,"column":5}},{"start":{},"end":{}}],"line":43}},"s":{"0":1,"1":1,"2":1,"3":2,"4":2,"5":2,"6":2,"7":1,"8":1,"9":1,"10":0,"11":1,"12":1,"13":1,"14":1,"15":0,"16":1,"17":2,"18":2,"19":2,"20":2,"21":1,"22":1,"23":0,"24":1,"25":1,"26":1,"27":1,"28":1,"29":0,"30":1,"31":1,"32":1,"33":1,"34":1,"35":1,"36":0,"37":1,"38":1,"39":1,"40":1,"41":1,"42":0,"43":1},"f":{"0":2,"1":1,"2":2,"3":1,"4":1,"5":1},"b":{"0":[1,1],"1":[1,1]},"_coverageSchema":"1a1c01bbd47fc00a2c39e90264f33305004495a9","hash":"fb645033246b3c90fe23360ef23a9b00d441d551"}
,"C:\\Users\\Sandaru\\Desktop\\todo\\backEnd\\src\\Infrastructure\\todo.queries.js": {"path":"C:\\Users\\Sandaru\\Desktop\\todo\\backEnd\\src\\Infrastructure\\todo.queries.js","statementMap":{"0":{"start":{"line":1,"column":25},"end":{"line":1,"column":50}},"1":{"start":{"line":2,"column":23},"end":{"line":2,"column":38}},"2":{"start":{"line":4,"column":15},"end":{"line":4,"column":33}},"3":{"start":{"line":6,"column":24},"end":{"line":20,"column":1}},"4":{"start":{"line":7,"column":2},"end":{"line":19,"column":3}},"5":{"start":{"line":8,"column":20},"end":{"line":15,"column":6}},"6":{"start":{"line":16,"column":4},"end":{"line":16,"column":19}},"7":{"start":{"line":18,"column":4},"end":{"line":18,"column":45}},"8":{"start":{"line":22,"column":30},"end":{"line":33,"column":1}},"9":{"start":{"line":23,"column":2},"end":{"line":32,"column":3}},"10":{"start":{"line":24,"column":18},"end":{"line":28,"column":6}},"11":{"start":{"line":29,"column":4},"end":{"line":29,"column":17}},"12":{"start":{"line":31,"column":4},"end":{"line":31,"column":45}},"13":{"start":{"line":35,"column":22},"end":{"line":42,"column":1}},"14":{"start":{"line":36,"column":2},"end":{"line":41,"column":3}},"15":{"start":{"line":37,"column":18},"end":{"line":37,"column":50}},"16":{"start":{"line":38,"column":4},"end":{"line":38,"column":17}},"17":{"start":{"line":40,"column":4},"end":{"line":40,"column":45}},"18":{"start":{"line":44,"column":25},"end":{"line":55,"column":1}},"19":{"start":{"line":45,"column":2},"end":{"line":54,"column":3}},"20":{"start":{"line":46,"column":17},"end":{"line":50,"column":6}},"21":{"start":{"line":51,"column":4},"end":{"line":51,"column":16}},"22":{"start":{"line":53,"column":4},"end":{"line":53,"column":45}},"23":{"start":{"line":57,"column":24},"end":{"line":72,"column":1}},"24":{"start":{"line":58,"column":2},"end":{"line":71,"column":3}},"25":{"start":{"line":59,"column":24},"end":{"line":66,"column":6}},"26":{"start":{"line":67,"column":4},"end":{"line":67,"column":23}},"27":{"start":{"line":69,"column":4},"end":{"line":69,"column":23}},"28":{"start":{"line":70,"column":4},"end":{"line":70,"column":45}},"29":{"start":{"line":74,"column":24},"end":{"line":85,"column":1}},"30":{"start":{"line":75,"column":2},"end":{"line":84,"column":3}},"31":{"start":{"line":76,"column":4},"end":{"line":80,"column":7}},"32":{"start":{"line":81,"column":4},"end":{"line":81,"column":36}},"33":{"start":{"line":83,"column":4},"end":{"line":83,"column":45}},"34":{"start":{"line":87,"column":0},"end":{"line":94,"column":2}}},"fnMap":{"0":{"name":"(anonymous_0)","decl":{"start":{"line":6,"column":24},"end":{"line":6,"column":25}},"loc":{"start":{"line":6,"column":48},"end":{"line":20,"column":1}},"line":6},"1":{"name":"(anonymous_1)","decl":{"start":{"line":22,"column":30},"end":{"line":22,"column":31}},"loc":{"start":{"line":22,"column":48},"end":{"line":33,"column":1}},"line":22},"2":{"name":"(anonymous_2)","decl":{"start":{"line":35,"column":22},"end":{"line":35,"column":23}},"loc":{"start":{"line":35,"column":34},"end":{"line":42,"column":1}},"line":35},"3":{"name":"(anonymous_3)","decl":{"start":{"line":44,"column":25},"end":{"line":44,"column":26}},"loc":{"start":{"line":44,"column":39},"end":{"line":55,"column":1}},"line":44},"4":{"name":"(anonymous_4)","decl":{"start":{"line":57,"column":24},"end":{"line":57,"column":25}},"loc":{"start":{"line":57,"column":46},"end":{"line":72,"column":1}},"line":57},"5":{"name":"(anonymous_5)","decl":{"start":{"line":74,"column":24},"end":{"line":74,"column":25}},"loc":{"start":{"line":74,"column":38},"end":{"line":85,"column":1}},"line":74}},"branchMap":{},"s":{"0":1,"1":1,"2":1,"3":1,"4":1,"5":1,"6":1,"7":0,"8":1,"9":1,"10":1,"11":1,"12":0,"13":1,"14":1,"15":1,"16":1,"17":0,"18":1,"19":1,"20":1,"21":1,"22":0,"23":1,"24":1,"25":1,"26":1,"27":0,"28":0,"29":1,"30":1,"31":1,"32":1,"33":0,"34":1},"f":{"0":1,"1":1,"2":1,"3":1,"4":1,"5":1},"b":{},"_coverageSchema":"1a1c01bbd47fc00a2c39e90264f33305004495a9","hash":"814598945f2a61c8c4a536a11fe64e0357631c06"}
,"C:\\Users\\Sandaru\\Desktop\\todo\\backEnd\\src\\Services\\todo.services.js": {"path":"C:\\Users\\Sandaru\\Desktop\\todo\\backEnd\\src\\Services\\todo.services.js","statementMap":{"0":{"start":{"line":8,"column":4},"end":{"line":8,"column":48}},"1":{"start":{"line":10,"column":26},"end":{"line":17,"column":1}},"2":{"start":{"line":11,"column":2},"end":{"line":16,"column":3}},"3":{"start":{"line":12,"column":20},"end":{"line":12,"column":55}},"4":{"start":{"line":13,"column":4},"end":{"line":13,"column":19}},"5":{"start":{"line":15,"column":4},"end":{"line":15,"column":16}},"6":{"start":{"line":19,"column":24},"end":{"line":26,"column":1}},"7":{"start":{"line":20,"column":2},"end":{"line":25,"column":3}},"8":{"start":{"line":21,"column":18},"end":{"line":21,"column":39}},"9":{"start":{"line":22,"column":4},"end":{"line":22,"column":17}},"10":{"start":{"line":24,"column":4},"end":{"line":24,"column":16}},"11":{"start":{"line":28,"column":27},"end":{"line":35,"column":1}},"12":{"start":{"line":29,"column":2},"end":{"line":34,"column":3}},"13":{"start":{"line":30,"column":17},"end":{"line":30,"column":43}},"14":{"start":{"line":31,"column":4},"end":{"line":31,"column":16}},"15":{"start":{"line":33,"column":4},"end":{"line":33,"column":16}},"16":{"start":{"line":37,"column":32},"end":{"line":45,"column":1}},"17":{"start":{"line":38,"column":2},"end":{"line":44,"column":3}},"18":{"start":{"line":39,"column":18},"end":{"line":39,"column":53}},"19":{"start":{"line":40,"column":4},"end":{"line":40,"column":17}},"20":{"start":{"line":42,"column":4},"end":{"line":42,"column":25}},"21":{"start":{"line":43,"column":4},"end":{"line":43,"column":16}},"22":{"start":{"line":47,"column":26},"end":{"line":54,"column":1}},"23":{"start":{"line":48,"column":2},"end":{"line":53,"column":3}},"24":{"start":{"line":49,"column":24},"end":{"line":49,"column":57}},"25":{"start":{"line":50,"column":4},"end":{"line":50,"column":23}},"26":{"start":{"line":52,"column":4},"end":{"line":52,"column":16}},"27":{"start":{"line":56,"column":26},"end":{"line":63,"column":1}},"28":{"start":{"line":57,"column":2},"end":{"line":62,"column":3}},"29":{"start":{"line":58,"column":4},"end":{"line":58,"column":30}},"30":{"start":{"line":59,"column":4},"end":{"line":59,"column":36}},"31":{"start":{"line":61,"column":4},"end":{"line":61,"column":16}},"32":{"start":{"line":65,"column":0},"end":{"line":72,"column":2}}},"fnMap":{"0":{"name":"(anonymous_0)","decl":{"start":{"line":10,"column":26},"end":{"line":10,"column":27}},"loc":{"start":{"line":10,"column":50},"end":{"line":17,"column":1}},"line":10},"1":{"name":"(anonymous_1)","decl":{"start":{"line":19,"column":24},"end":{"line":19,"column":25}},"loc":{"start":{"line":19,"column":36},"end":{"line":26,"column":1}},"line":19},"2":{"name":"(anonymous_2)","decl":{"start":{"line":28,"column":27},"end":{"line":28,"column":28}},"loc":{"start":{"line":28,"column":41},"end":{"line":35,"column":1}},"line":28},"3":{"name":"(anonymous_3)","decl":{"start":{"line":37,"column":32},"end":{"line":37,"column":33}},"loc":{"start":{"line":37,"column":50},"end":{"line":45,"column":1}},"line":37},"4":{"name":"(anonymous_4)","decl":{"start":{"line":47,"column":26},"end":{"line":47,"column":27}},"loc":{"start":{"line":47,"column":48},"end":{"line":54,"column":1}},"line":47},"5":{"name":"(anonymous_5)","decl":{"start":{"line":56,"column":26},"end":{"line":56,"column":27}},"loc":{"start":{"line":56,"column":40},"end":{"line":63,"column":1}},"line":56}},"branchMap":{},"s":{"0":1,"1":1,"2":1,"3":1,"4":1,"5":0,"6":1,"7":1,"8":1,"9":1,"10":0,"11":1,"12":1,"13":1,"14":1,"15":0,"16":1,"17":1,"18":1,"19":1,"20":0,"21":0,"22":1,"23":1,"24":1,"25":1,"26":0,"27":1,"28":1,"29":1,"30":1,"31":0,"32":1},"f":{"0":1,"1":1,"2":1,"3":1,"4":1,"5":1},"b":{},"_coverageSchema":"1a1c01bbd47fc00a2c39e90264f33305004495a9","hash":"105d66781337e793b383b7bb1048892b332c7e08"}
}
