{"C:\\Users\\Sandaru\\Desktop\\todo\\backEnd\\src\\Infrastructure\\todo.queries.js": {"path":"C:\\Users\\Sandaru\\Desktop\\todo\\backEnd\\src\\Infrastructure\\todo.queries.js","statementMap":{"0":{"start":{"line":1,"column":25},"end":{"line":1,"column":50}},"1":{"start":{"line":2,"column":23},"end":{"line":2,"column":38}},"2":{"start":{"line":4,"column":15},"end":{"line":4,"column":33}},"3":{"start":{"line":6,"column":24},"end":{"line":20,"column":1}},"4":{"start":{"line":7,"column":2},"end":{"line":19,"column":3}},"5":{"start":{"line":8,"column":20},"end":{"line":15,"column":6}},"6":{"start":{"line":16,"column":4},"end":{"line":16,"column":19}},"7":{"start":{"line":18,"column":4},"end":{"line":18,"column":45}},"8":{"start":{"line":22,"column":30},"end":{"line":33,"column":1}},"9":{"start":{"line":23,"column":2},"end":{"line":32,"column":3}},"10":{"start":{"line":24,"column":18},"end":{"line":28,"column":6}},"11":{"start":{"line":29,"column":4},"end":{"line":29,"column":17}},"12":{"start":{"line":31,"column":4},"end":{"line":31,"column":45}},"13":{"start":{"line":35,"column":22},"end":{"line":42,"column":1}},"14":{"start":{"line":36,"column":2},"end":{"line":41,"column":3}},"15":{"start":{"line":37,"column":18},"end":{"line":37,"column":50}},"16":{"start":{"line":38,"column":4},"end":{"line":38,"column":17}},"17":{"start":{"line":40,"column":4},"end":{"line":40,"column":45}},"18":{"start":{"line":44,"column":25},"end":{"line":55,"column":1}},"19":{"start":{"line":45,"column":2},"end":{"line":54,"column":3}},"20":{"start":{"line":46,"column":17},"end":{"line":50,"column":6}},"21":{"start":{"line":51,"column":4},"end":{"line":51,"column":16}},"22":{"start":{"line":53,"column":4},"end":{"line":53,"column":45}},"23":{"start":{"line":57,"column":24},"end":{"line":72,"column":1}},"24":{"start":{"line":58,"column":2},"end":{"line":71,"column":3}},"25":{"start":{"line":59,"column":24},"end":{"line":66,"column":6}},"26":{"start":{"line":67,"column":4},"end":{"line":67,"column":23}},"27":{"start":{"line":69,"column":4},"end":{"line":69,"column":23}},"28":{"start":{"line":70,"column":4},"end":{"line":70,"column":45}},"29":{"start":{"line":74,"column":24},"end":{"line":85,"column":1}},"30":{"start":{"line":75,"column":2},"end":{"line":84,"column":3}},"31":{"start":{"line":76,"column":4},"end":{"line":80,"column":7}},"32":{"start":{"line":81,"column":4},"end":{"line":81,"column":36}},"33":{"start":{"line":83,"column":4},"end":{"line":83,"column":45}},"34":{"start":{"line":87,"column":0},"end":{"line":94,"column":2}}},"fnMap":{"0":{"name":"(anonymous_0)","decl":{"start":{"line":6,"column":24},"end":{"line":6,"column":25}},"loc":{"start":{"line":6,"column":48},"end":{"line":20,"column":1}},"line":6},"1":{"name":"(anonymous_1)","decl":{"start":{"line":22,"column":30},"end":{"line":22,"column":31}},"loc":{"start":{"line":22,"column":48},"end":{"line":33,"column":1}},"line":22},"2":{"name":"(anonymous_2)","decl":{"start":{"line":35,"column":22},"end":{"line":35,"column":23}},"loc":{"start":{"line":35,"column":34},"end":{"line":42,"column":1}},"line":35},"3":{"name":"(anonymous_3)","decl":{"start":{"line":44,"column":25},"end":{"line":44,"column":26}},"loc":{"start":{"line":44,"column":39},"end":{"line":55,"column":1}},"line":44},"4":{"name":"(anonymous_4)","decl":{"start":{"line":57,"column":24},"end":{"line":57,"column":25}},"loc":{"start":{"line":57,"column":46},"end":{"line":72,"column":1}},"line":57},"5":{"name":"(anonymous_5)","decl":{"start":{"line":74,"column":24},"end":{"line":74,"column":25}},"loc":{"start":{"line":74,"column":38},"end":{"line":85,"column":1}},"line":74}},"branchMap":{},"s":{"0":1,"1":1,"2":1,"3":1,"4":1,"5":1,"6":1,"7":0,"8":1,"9":1,"10":1,"11":1,"12":0,"13":1,"14":1,"15":1,"16":1,"17":0,"18":1,"19":1,"20":1,"21":1,"22":0,"23":1,"24":1,"25":1,"26":1,"27":0,"28":0,"29":1,"30":1,"31":1,"32":1,"33":0,"34":1},"f":{"0":1,"1":1,"2":1,"3":1,"4":1,"5":1},"b":{},"_coverageSchema":"1a1c01bbd47fc00a2c39e90264f33305004495a9","hash":"814598945f2a61c8c4a536a11fe64e0357631c06"}
}
