TN:
SF:src\Infrastructure\todo.queries.js
FN:6,(anonymous_0)
FN:22,(anonymous_1)
FN:35,(anonymous_2)
FN:44,(anonymous_3)
FN:57,(anonymous_4)
FN:74,(anonymous_5)
FNF:6
FNH:1
FNDA:0,(anonymous_0)
FNDA:0,(anonymous_1)
FNDA:0,(anonymous_2)
FNDA:1,(anonymous_3)
FNDA:0,(anonymous_4)
FNDA:0,(anonymous_5)
DA:1,1
DA:2,1
DA:4,1
DA:6,1
DA:7,0
DA:8,0
DA:16,0
DA:18,0
DA:22,1
DA:23,0
DA:24,0
DA:29,0
DA:31,0
DA:35,1
DA:36,0
DA:37,0
DA:38,0
DA:40,0
DA:44,1
DA:45,1
DA:46,1
DA:51,1
DA:53,0
DA:57,1
DA:58,0
DA:59,0
DA:67,0
DA:69,0
DA:70,0
DA:74,1
DA:75,0
DA:76,0
DA:81,0
DA:83,0
DA:87,1
LF:35
LH:13
BRF:0
BRH:0
end_of_record
