TN:
SF:src\Controllers\todo.controller.js
FN:12,(anonymous_0)
FN:28,(anonymous_1)
FN:38,(anonymous_2)
FN:53,(anonymous_3)
FN:64,(anonymous_4)
FN:77,(anonymous_5)
FNF:6
FNH:6
FNDA:2,(anonymous_0)
FNDA:1,(anonymous_1)
FNDA:2,(anonymous_2)
FNDA:1,(anonymous_3)
FNDA:1,(anonymous_4)
FNDA:1,(anonymous_5)
DA:1,1
DA:9,1
DA:12,1
DA:13,2
DA:14,2
DA:15,2
DA:16,2
DA:17,1
DA:20,1
DA:21,1
DA:23,0
DA:28,1
DA:29,1
DA:30,1
DA:31,1
DA:33,0
DA:38,1
DA:39,2
DA:41,2
DA:42,2
DA:43,2
DA:44,1
DA:46,1
DA:48,0
DA:53,1
DA:54,1
DA:55,1
DA:56,1
DA:57,1
DA:59,0
DA:64,1
DA:65,1
DA:66,1
DA:68,1
DA:69,1
DA:70,1
DA:72,0
DA:77,1
DA:78,1
DA:80,1
DA:81,1
DA:82,1
DA:84,0
DA:88,1
LF:44
LH:38
BRDA:16,0,0,1
BRDA:16,0,1,1
BRDA:43,1,0,1
BRDA:43,1,1,1
BRF:4
BRH:4
end_of_record
TN:
SF:src\Controllers\user.controller.js
FN:13,(anonymous_0)
FN:46,(anonymous_1)
FNF:2
FNH:2
FNDA:3,(anonymous_0)
FNDA:4,(anonymous_1)
DA:1,1
DA:5,1
DA:6,1
DA:7,1
DA:9,1
DA:11,1
DA:13,1
DA:14,3
DA:15,3
DA:17,3
DA:18,1
DA:24,2
DA:25,2
DA:26,1
DA:32,1
DA:34,1
DA:38,0
DA:39,0
DA:46,1
DA:47,4
DA:48,4
DA:50,4
DA:52,4
DA:53,1
DA:59,3
DA:60,3
DA:61,1
DA:67,2
DA:72,2
DA:73,1
DA:74,1
DA:80,1
DA:87,1
DA:93,0
DA:94,0
LF:35
LH:31
BRDA:17,0,0,1
BRDA:17,0,1,2
BRDA:17,1,0,3
BRDA:17,1,1,2
BRDA:17,1,2,2
BRDA:25,2,0,1
BRDA:25,2,1,1
BRDA:52,3,0,1
BRDA:52,3,1,3
BRDA:52,4,0,4
BRDA:52,4,1,3
BRDA:60,5,0,1
BRDA:60,5,1,2
BRDA:72,6,0,1
BRDA:72,6,1,1
BRF:15
BRH:15
end_of_record
TN:
SF:src\Infrastructure\todo.queries.js
FN:6,(anonymous_0)
FN:22,(anonymous_1)
FN:35,(anonymous_2)
FN:44,(anonymous_3)
FN:57,(anonymous_4)
FN:74,(anonymous_5)
FNF:6
FNH:6
FNDA:1,(anonymous_0)
FNDA:1,(anonymous_1)
FNDA:1,(anonymous_2)
FNDA:1,(anonymous_3)
FNDA:1,(anonymous_4)
FNDA:1,(anonymous_5)
DA:1,1
DA:2,1
DA:4,1
DA:6,1
DA:7,1
DA:8,1
DA:16,1
DA:18,0
DA:22,1
DA:23,1
DA:24,1
DA:29,1
DA:31,0
DA:35,1
DA:36,1
DA:37,1
DA:38,1
DA:40,0
DA:44,1
DA:45,1
DA:46,1
DA:51,1
DA:53,0
DA:57,1
DA:58,1
DA:59,1
DA:67,1
DA:69,0
DA:70,0
DA:74,1
DA:75,1
DA:76,1
DA:81,1
DA:83,0
DA:87,1
LF:35
LH:28
BRF:0
BRH:0
end_of_record
TN:
SF:src\Infrastructure\user.queries.js
FN:5,(anonymous_0)
FN:15,(anonymous_1)
FN:23,(anonymous_2)
FNF:3
FNH:3
FNDA:1,(anonymous_0)
FNDA:1,(anonymous_1)
FNDA:1,(anonymous_2)
DA:1,2
DA:3,2
DA:5,2
DA:6,1
DA:15,2
DA:16,1
DA:23,2
DA:24,1
DA:31,2
LF:9
LH:9
BRF:0
BRH:0
end_of_record
TN:
SF:src\Services\todo.services.js
FN:10,(anonymous_0)
FN:19,(anonymous_1)
FN:28,(anonymous_2)
FN:37,(anonymous_3)
FN:47,(anonymous_4)
FN:56,(anonymous_5)
FNF:6
FNH:6
FNDA:2,(anonymous_0)
FNDA:1,(anonymous_1)
FNDA:1,(anonymous_2)
FNDA:1,(anonymous_3)
FNDA:1,(anonymous_4)
FNDA:1,(anonymous_5)
DA:8,1
DA:10,1
DA:11,2
DA:12,2
DA:13,1
DA:15,1
DA:19,1
DA:20,1
DA:21,1
DA:22,1
DA:24,0
DA:28,1
DA:29,1
DA:30,1
DA:31,1
DA:33,0
DA:37,1
DA:38,1
DA:39,1
DA:40,1
DA:42,0
DA:43,0
DA:47,1
DA:48,1
DA:49,1
DA:50,1
DA:52,0
DA:56,1
DA:57,1
DA:58,1
DA:59,1
DA:61,0
DA:65,1
LF:33
LH:27
BRF:0
BRH:0
end_of_record
TN:
SF:src\Services\user.services.js
FN:8,(anonymous_0)
FN:20,(anonymous_1)
FN:29,(anonymous_2)
FNF:3
FNH:3
FNDA:2,(anonymous_0)
FNDA:2,(anonymous_1)
FNDA:2,(anonymous_2)
DA:5,2
DA:6,2
DA:8,2
DA:9,2
DA:10,2
DA:11,2
DA:13,2
DA:14,1
DA:16,1
DA:20,2
DA:21,2
DA:22,2
DA:23,1
DA:25,1
DA:29,2
DA:30,2
DA:31,2
DA:32,1
DA:34,1
DA:38,2
LF:20
LH:20
BRF:0
BRH:0
end_of_record
